Log file open, 04/23/20 11:02:29
LogWindows: Failed to load 'aqProf.dll' (GetLastError=126)
LogWindows: File 'aqProf.dll' does not exist
LogWindows: Failed to load 'VtuneApi.dll' (GetLastError=126)
LogWindows: File 'VtuneApi.dll' does not exist
LogWindows: Failed to load 'VtuneApi32e.dll' (GetLastError=126)
LogWindows: File 'VtuneApi32e.dll' does not exist
LogConsoleResponse: Display: Failed to find resolution value strings in scalability ini. Falling back to default.
LogInit: Display: Running engine for game: Island
LogPlatformFile: Not using cached read wrapper
LogTaskGraph: Started task graph with 5 named threads and 23 total threads with 3 sets of task threads.
LogStats: Stats thread started at 0.136054
LogD3D11RHI: Loaded GFSDK_Aftermath_Lib.x64.dll
LogICUInternationalization: ICU TimeZone Detection - Raw Offset: -5:00, Platform Override: ''
LogPluginManager: Mounting plugin Paper2D
LogPluginManager: Mounting plugin AISupport
LogPluginManager: Mounting plugin LightPropagationVolume
LogPluginManager: Mounting plugin ActorLayerUtilities
LogPluginManager: Mounting plugin AnimationSharing
LogPluginManager: Mounting plugin CLionSourceCodeAccess
LogPluginManager: Mounting plugin CodeLiteSourceCodeAccess
LogPluginManager: Mounting plugin GitSourceControl
LogPluginManager: Mounting plugin KDevelopSourceCodeAccess
LogPluginManager: Mounting plugin NullSourceCodeAccess
LogPluginManager: Mounting plugin PerforceSourceControl
LogPluginManager: Mounting plugin PlasticSourceControl
LogPluginManager: Mounting plugin SubversionSourceControl
LogPluginManager: Mounting plugin UObjectPlugin
LogPluginManager: Mounting plugin VisualStudioCodeSourceCodeAccess
LogPluginManager: Mounting plugin VisualStudioSourceCodeAccess
LogPluginManager: Mounting plugin XCodeSourceCodeAccess
LogPluginManager: Mounting plugin AssetManagerEditor
LogPluginManager: Mounting plugin CryptoKeys
LogPluginManager: Mounting plugin CurveEditorTools
LogPluginManager: Mounting plugin DataValidation
LogPluginManager: Mounting plugin FacialAnimation
LogPluginManager: Mounting plugin GameplayTagsEditor
LogPluginManager: Mounting plugin MacGraphicsSwitching
LogPluginManager: Mounting plugin MaterialAnalyzer
LogPluginManager: Mounting plugin MobileLauncherProfileWizard
LogPluginManager: Mounting plugin PluginBrowser
LogPluginManager: Mounting plugin SpeedTreeImporter
LogPluginManager: Mounting plugin DatasmithContent
LogPluginManager: Mounting plugin VariantManagerContent
LogPluginManager: Mounting plugin AlembicImporter
LogPluginManager: Mounting plugin AutomationUtils
LogPluginManager: Mounting plugin BackChannel
LogPluginManager: Mounting plugin CharacterAI
LogPluginManager: Mounting plugin GeometryCache
LogPluginManager: Mounting plugin PlatformCrypto
LogPluginManager: Mounting plugin ProxyLODPlugin
LogPluginManager: Mounting plugin SkeletalReduction
LogPluginManager: Mounting plugin MagicLeap
LogPluginManager: Mounting plugin MagicLeapMedia
LogPluginManager: Mounting plugin MLSDK
LogPluginManager: Mounting plugin AndroidMedia
LogPluginManager: Mounting plugin AvfMedia
LogPluginManager: Mounting plugin ImgMedia
LogPluginManager: Mounting plugin MediaCompositing
LogPluginManager: Mounting plugin MediaPlayerEditor
LogPluginManager: Mounting plugin WebMMedia
LogPluginManager: Mounting plugin WmfMedia
LogPluginManager: Mounting plugin TcpMessaging
LogPluginManager: Mounting plugin UdpMessaging
LogPluginManager: Mounting plugin ActorSequence
LogPluginManager: Mounting plugin LevelSequenceEditor
LogPluginManager: Mounting plugin MatineeToLevelSequence
LogPluginManager: Mounting plugin NetcodeUnitTest
LogPluginManager: Mounting plugin NUTUnrealEngine4
LogPluginManager: Mounting plugin OnlineSubsystemGooglePlay
LogPluginManager: Mounting plugin OnlineSubsystemIOS
LogPluginManager: Mounting plugin OnlineSubsystem
LogPluginManager: Mounting plugin OnlineSubsystemNull
LogPluginManager: Mounting plugin OnlineSubsystemUtils
LogPluginManager: Mounting plugin LauncherChunkInstaller
LogPluginManager: Mounting plugin AndroidDeviceProfileSelector
LogPluginManager: Mounting plugin AndroidMoviePlayer
LogPluginManager: Mounting plugin AndroidPermission
LogPluginManager: Mounting plugin AppleImageUtils
LogPluginManager: Mounting plugin AppleMoviePlayer
LogPluginManager: Mounting plugin ArchVisCharacter
LogPluginManager: Mounting plugin AssetTags
LogPluginManager: Mounting plugin AudioCapture
LogPluginManager: Mounting plugin CableComponent
LogPluginManager: Mounting plugin CustomMeshComponent
LogPluginManager: Mounting plugin EditableMesh
LogPluginManager: Mounting plugin ExampleDeviceProfileSelector
LogPluginManager: Mounting plugin GoogleCloudMessaging
LogPluginManager: Mounting plugin IOSDeviceProfileSelector
LogPluginManager: Mounting plugin LinuxDeviceProfileSelector
LogPluginManager: Mounting plugin LocationServicesBPLibrary
LogPluginManager: Mounting plugin MobilePatchingUtils
LogPluginManager: Mounting plugin OculusVR
LogPluginManager: Mounting plugin PhysXVehicles
LogPluginManager: Mounting plugin PostSplashScreen
LogPluginManager: Mounting plugin ProceduralMeshComponent
LogPluginManager: Mounting plugin RuntimePhysXCooking
LogPluginManager: Mounting plugin SignificanceManager
LogPluginManager: Mounting plugin SteamVR
LogPluginManager: Mounting plugin WebMMoviePlayer
LogPluginManager: Mounting plugin WindowsMoviePlayer
LogPluginManager: Mounting plugin ScreenshotTools
LogInit: Using libcurl 7.55.1-DEV
LogInit:  - built for x86_64-pc-win32
LogInit:  - supports SSL with OpenSSL/1.1.1
LogInit:  - supports HTTP deflate (compression) using libz 1.2.8
LogInit:  - other features:
LogInit:      CURL_VERSION_SSL
LogInit:      CURL_VERSION_LIBZ
LogInit:      CURL_VERSION_IPV6
LogInit:      CURL_VERSION_ASYNCHDNS
LogInit:      CURL_VERSION_LARGEFILE
LogInit:      CURL_VERSION_IDN
LogInit:  CurlRequestOptions (configurable via config and command line):
LogInit:  - bVerifyPeer = true  - Libcurl will verify peer certificate
LogInit:  - bUseHttpProxy = false  - Libcurl will NOT use HTTP proxy
LogInit:  - bDontReuseConnections = false  - Libcurl will reuse connections
LogInit:  - MaxHostConnections = 16  - Libcurl will limit the number of connections to a host
LogInit:  - LocalHostAddr = Default
LogInit:  - BufferSize = 65536
LogOnline: OSS: Creating online subsystem instance for: NULL
LogInit: WinSock: version 1.1 (2.2), MaxSocks=32767, MaxUdp=65467
LogOnline: OSS: TryLoadSubsystemAndSetDefault: Loaded subsystem for module [NULL]
LogInit: Build: ++UE4+Release-4.24-CL-11590370
LogInit: Engine Version: 4.24.3-11590370+++UE4+Release-4.24
LogInit: Compatible Engine Version: 4.24.0-10570792+++UE4+Release-4.24
LogInit: Net CL: 10570792
LogInit: OS: Windows 10 (Release 1903) (), CPU: Intel(R) Core(TM) i7-8550U CPU @ 1.80GHz, GPU: Intel(R) UHD Graphics 620
LogInit: Compiled (64-bit): Feb 24 2020 15:39:18
LogInit: Compiled with Visual C++: 19.16.27032.01
LogInit: Build Configuration: Development
LogInit: Branch Name: ++UE4+Release-4.24
LogInit: Command Line: 
LogInit: Base Directory: C:/Program Files/Epic Games/UE_4.24/Engine/Binaries/Win64/
LogInit: Installed Engine Build: 1
LogDevObjectVersion: Number of dev versions registered: 25
LogDevObjectVersion:   Dev-Blueprints (B0D832E4-1F89-4F0D-ACCF-7EB736FD4AA2): 10
LogDevObjectVersion:   Dev-Build (E1C64328-A22C-4D53-A36C-8E866417BD8C): 0
LogDevObjectVersion:   Dev-Core (375EC13C-06E4-48FB-B500-84F0262A717E): 3
LogDevObjectVersion:   Dev-Editor (E4B068ED-F494-42E9-A231-DA0B2E46BB41): 37
LogDevObjectVersion:   Dev-Framework (CFFC743F-43B0-4480-9391-14DF171D2073): 36
LogDevObjectVersion:   Dev-Mobile (B02B49B5-BB20-44E9-A304-32B752E40360): 2
LogDevObjectVersion:   Dev-Networking (A4E4105C-59A1-49B5-A7C5-40C4547EDFEE): 0
LogDevObjectVersion:   Dev-Online (39C831C9-5AE6-47DC-9A44-9C173E1C8E7C): 0
LogDevObjectVersion:   Dev-Physics (78F01B33-EBEA-4F98-B9B4-84EACCB95AA2): 2
LogDevObjectVersion:   Dev-Platform (6631380F-2D4D-43E0-8009-CF276956A95A): 0
LogDevObjectVersion:   Dev-Rendering (12F88B9F-8875-4AFC-A67C-D90C383ABD29): 36
LogDevObjectVersion:   Dev-Sequencer (7B5AE74C-D270-4C10-A958-57980B212A5A): 11
LogDevObjectVersion:   Dev-VR (D7296918-1DD6-4BDD-9DE2-64A83CC13884): 2
LogDevObjectVersion:   Dev-LoadTimes (C2A15278-BFE7-4AFE-6C17-90FF531DF755): 1
LogDevObjectVersion:   Private-Geometry (6EACA3D4-40EC-4CC1-B786-8BED09428FC5): 3
LogDevObjectVersion:   Dev-AnimPhys (29E575DD-E0A3-4627-9D10-D276232CDCEA): 17
LogDevObjectVersion:   Dev-Anim (AF43A65D-7FD3-4947-9873-3E8ED9C1BB05): 2
LogDevObjectVersion:   Dev-ReflectionCapture (6B266CEC-1EC7-4B8F-A30B-E4D90942FC07): 1
LogDevObjectVersion:   Dev-Automation (0DF73D61-A23F-47EA-B727-89E90C41499A): 1
LogDevObjectVersion:   FortniteMain (601D1886-AC64-4F84-AA16-D3DE0DEAC7D6): 31
LogDevObjectVersion:   Dev-Enterprise (9DFFBCD6-494F-0158-E221-12823C92A888): 8
LogDevObjectVersion:   Dev-Niagara (F2AED0AC-9AFE-416F-8664-AA7FFA26D6FC): 1
LogDevObjectVersion:   Dev-Destruction (174F1F0B-B4C6-45A5-B13F-2EE8D0FB917D): 9
LogDevObjectVersion:   Dev-Physics-Ext (35F94A83-E258-406C-A318-09F59610247C): 8
LogDevObjectVersion:   Dev-CineCamera (B2E18506-4273-CFC2-A54E-F4BB758BBA07): 1
LogInit: Presizing for max 25165824 objects, including 0 objects not considered by GC, pre-allocating 0 bytes for permanent pool.
LogInit: Object subsystem initialized
LogConfig: Setting CVar [[con.DebugEarlyDefault:1]]
LogConfig: Setting CVar [[r.setres:1280x720]]
[2020.04.23-15.02.29:550][  0]LogConfig: Setting CVar [[r.VSync:0]]
[2020.04.23-15.02.29:550][  0]LogConfig: Setting CVar [[r.RHICmdBypass:0]]
[2020.04.23-15.02.29:550][  0]LogConfig: Applying CVar settings from Section [/Script/Engine.RendererSettings] File [C:/Users/m5w5b/Desktop/GitHub/Level-Design/Island/Saved/Config/Windows/Engine.ini]
[2020.04.23-15.02.29:550][  0]LogConfig: Setting CVar [[r.GPUCrashDebugging:0]]
[2020.04.23-15.02.29:550][  0]LogConfig: Applying CVar settings from Section [/Script/Engine.RendererOverrideSettings] File [C:/Users/m5w5b/Desktop/GitHub/Level-Design/Island/Saved/Config/Windows/Engine.ini]
[2020.04.23-15.02.29:550][  0]LogConfig: Applying CVar settings from Section [/Script/Engine.StreamingSettings] File [C:/Users/m5w5b/Desktop/GitHub/Level-Design/Island/Saved/Config/Windows/Engine.ini]
[2020.04.23-15.02.29:550][  0]LogConfig: Setting CVar [[s.MinBulkDataSizeForAsyncLoading:131072]]
[2020.04.23-15.02.29:550][  0]LogConfig: Setting CVar [[s.AsyncLoadingThreadEnabled:0]]
[2020.04.23-15.02.29:550][  0]LogConfig: Setting CVar [[s.EventDrivenLoaderEnabled:1]]
[2020.04.23-15.02.29:550][  0]LogConfig: Setting CVar [[s.WarnIfTimeLimitExceeded:0]]
[2020.04.23-15.02.29:550][  0]LogConfig: Setting CVar [[s.TimeLimitExceededMultiplier:1.5]]
[2020.04.23-15.02.29:550][  0]LogConfig: Setting CVar [[s.TimeLimitExceededMinTime:0.005]]
[2020.04.23-15.02.29:550][  0]LogConfig: Setting CVar [[s.UseBackgroundLevelStreaming:1]]
[2020.04.23-15.02.29:550][  0]LogConfig: Setting CVar [[s.PriorityAsyncLoadingExtraTime:15.0]]
[2020.04.23-15.02.29:550][  0]LogConfig: Setting CVar [[s.LevelStreamingActorsUpdateTimeLimit:5.0]]
[2020.04.23-15.02.29:550][  0]LogConfig: Setting CVar [[s.PriorityLevelStreamingActorsUpdateExtraTime:5.0]]
[2020.04.23-15.02.29:550][  0]LogConfig: Setting CVar [[s.LevelStreamingComponentsRegistrationGranularity:10]]
[2020.04.23-15.02.29:550][  0]LogConfig: Setting CVar [[s.UnregisterComponentsTimeLimit:1.0]]
[2020.04.23-15.02.29:550][  0]LogConfig: Setting CVar [[s.LevelStreamingComponentsUnregistrationGranularity:5]]
[2020.04.23-15.02.29:550][  0]LogConfig: Setting CVar [[s.FlushStreamingOnExit:1]]
[2020.04.23-15.02.29:550][  0]LogConfig: Applying CVar settings from Section [/Script/Engine.GarbageCollectionSettings] File [C:/Users/m5w5b/Desktop/GitHub/Level-Design/Island/Saved/Config/Windows/Engine.ini]
[2020.04.23-15.02.29:550][  0]LogConfig: Setting CVar [[gc.MaxObjectsNotConsideredByGC:1]]
[2020.04.23-15.02.29:550][  0]LogConfig: Setting CVar [[gc.SizeOfPermanentObjectPool:0]]
[2020.04.23-15.02.29:550][  0]LogConfig: Setting CVar [[gc.FlushStreamingOnGC:0]]
[2020.04.23-15.02.29:550][  0]LogConfig: Setting CVar [[gc.NumRetriesBeforeForcingGC:10]]
[2020.04.23-15.02.29:550][  0]LogConfig: Setting CVar [[gc.AllowParallelGC:1]]
[2020.04.23-15.02.29:550][  0]LogConfig: Setting CVar [[gc.TimeBetweenPurgingPendingKillObjects:61.1]]
[2020.04.23-15.02.29:550][  0]LogConfig: Setting CVar [[gc.MaxObjectsInEditor:25165824]]
[2020.04.23-15.02.29:550][  0]LogConfig: Setting CVar [[gc.IncrementalBeginDestroyEnabled:1]]
[2020.04.23-15.02.29:550][  0]LogConfig: Setting CVar [[gc.CreateGCClusters:1]]
[2020.04.23-15.02.29:550][  0]LogConfig: Setting CVar [[gc.MinGCClusterSize:5]]
[2020.04.23-15.02.29:550][  0]LogConfig: Setting CVar [[gc.ActorClusteringEnabled:0]]
[2020.04.23-15.02.29:550][  0]LogConfig: Setting CVar [[gc.BlueprintClusteringEnabled:0]]
[2020.04.23-15.02.29:550][  0]LogConfig: Setting CVar [[gc.UseDisregardForGCOnDedicatedServers:0]]
[2020.04.23-15.02.29:550][  0]LogConfig: Applying CVar settings from Section [/Script/Engine.NetworkSettings] File [C:/Users/m5w5b/Desktop/GitHub/Level-Design/Island/Saved/Config/Windows/Engine.ini]
[2020.04.23-15.02.29:550][  0]LogConfig: Applying CVar settings from Section [/Script/UnrealEd.CookerSettings] File [C:/Users/m5w5b/Desktop/GitHub/Level-Design/Island/Saved/Config/Windows/Engine.ini]
[2020.04.23-15.02.29:556][  0]LogConfig: Applying CVar settings from Section [ViewDistanceQuality@3] File [C:/Users/m5w5b/Desktop/GitHub/Level-Design/Island/Saved/Config/Windows/Scalability.ini]
[2020.04.23-15.02.29:556][  0]LogConfig: Setting CVar [[r.SkeletalMeshLODBias:0]]
[2020.04.23-15.02.29:556][  0]LogConfig: Setting CVar [[r.ViewDistanceScale:1.0]]
[2020.04.23-15.02.29:556][  0]LogConfig: Applying CVar settings from Section [AntiAliasingQuality@3] File [C:/Users/m5w5b/Desktop/GitHub/Level-Design/Island/Saved/Config/Windows/Scalability.ini]
[2020.04.23-15.02.29:556][  0]LogConfig: Setting CVar [[r.PostProcessAAQuality:4]]
[2020.04.23-15.02.29:556][  0]LogConfig: Applying CVar settings from Section [ShadowQuality@3] File [C:/Users/m5w5b/Desktop/GitHub/Level-Design/Island/Saved/Config/Windows/Scalability.ini]
[2020.04.23-15.02.29:556][  0]LogConfig: Setting CVar [[r.LightFunctionQuality:1]]
[2020.04.23-15.02.29:556][  0]LogConfig: Setting CVar [[r.ShadowQuality:5]]
[2020.04.23-15.02.29:556][  0]LogConfig: Setting CVar [[r.Shadow.CSM.MaxCascades:10]]
[2020.04.23-15.02.29:556][  0]LogConfig: Setting CVar [[r.Shadow.MaxResolution:2048]]
[2020.04.23-15.02.29:556][  0]LogConfig: Setting CVar [[r.Shadow.MaxCSMResolution:2048]]
[2020.04.23-15.02.29:556][  0]LogConfig: Setting CVar [[r.Shadow.RadiusThreshold:0.01]]
[2020.04.23-15.02.29:556][  0]LogConfig: Setting CVar [[r.Shadow.DistanceScale:1.0]]
[2020.04.23-15.02.29:556][  0]LogConfig: Setting CVar [[r.Shadow.CSM.TransitionScale:1.0]]
[2020.04.23-15.02.29:556][  0]LogConfig: Setting CVar [[r.Shadow.PreShadowResolutionFactor:1.0]]
[2020.04.23-15.02.29:556][  0]LogConfig: Setting CVar [[r.DistanceFieldShadowing:1]]
[2020.04.23-15.02.29:556][  0]LogConfig: Setting CVar [[r.DistanceFieldAO:1]]
[2020.04.23-15.02.29:556][  0]LogConfig: Setting CVar [[r.AOQuality:2]]
[2020.04.23-15.02.29:556][  0]LogConfig: Setting CVar [[r.VolumetricFog:1]]
[2020.04.23-15.02.29:556][  0]LogConfig: Setting CVar [[r.VolumetricFog.GridPixelSize:8]]
[2020.04.23-15.02.29:556][  0]LogConfig: Setting CVar [[r.VolumetricFog.GridSizeZ:128]]
[2020.04.23-15.02.29:556][  0]LogConfig: Setting CVar [[r.VolumetricFog.HistoryMissSupersampleCount:4]]
[2020.04.23-15.02.29:556][  0]LogConfig: Setting CVar [[r.LightMaxDrawDistanceScale:1]]
[2020.04.23-15.02.29:556][  0]LogConfig: Setting CVar [[r.CapsuleShadows:1]]
[2020.04.23-15.02.29:556][  0]LogConfig: Applying CVar settings from Section [PostProcessQuality@3] File [C:/Users/m5w5b/Desktop/GitHub/Level-Design/Island/Saved/Config/Windows/Scalability.ini]
[2020.04.23-15.02.29:556][  0]LogConfig: Setting CVar [[r.MotionBlurQuality:4]]
[2020.04.23-15.02.29:556][  0]LogConfig: Setting CVar [[r.AmbientOcclusionMipLevelFactor:0.4]]
[2020.04.23-15.02.29:556][  0]LogConfig: Setting CVar [[r.AmbientOcclusionMaxQuality:100]]
[2020.04.23-15.02.29:556][  0]LogConfig: Setting CVar [[r.AmbientOcclusionLevels:-1]]
[2020.04.23-15.02.29:556][  0]LogConfig: Setting CVar [[r.AmbientOcclusionRadiusScale:1.0]]
[2020.04.23-15.02.29:556][  0]LogConfig: Setting CVar [[r.DepthOfFieldQuality:2]]
[2020.04.23-15.02.29:556][  0]LogConfig: Setting CVar [[r.RenderTargetPoolMin:400]]
[2020.04.23-15.02.29:556][  0]LogConfig: Setting CVar [[r.LensFlareQuality:2]]
[2020.04.23-15.02.29:556][  0]LogConfig: Setting CVar [[r.SceneColorFringeQuality:1]]
[2020.04.23-15.02.29:556][  0]LogConfig: Setting CVar [[r.EyeAdaptationQuality:2]]
[2020.04.23-15.02.29:556][  0]LogConfig: Setting CVar [[r.BloomQuality:5]]
[2020.04.23-15.02.29:556][  0]LogConfig: Setting CVar [[r.FastBlurThreshold:100]]
[2020.04.23-15.02.29:556][  0]LogConfig: Setting CVar [[r.Upscale.Quality:3]]
[2020.04.23-15.02.29:557][  0]LogConfig: Setting CVar [[r.Tonemapper.GrainQuantization:1]]
[2020.04.23-15.02.29:557][  0]LogConfig: Setting CVar [[r.LightShaftQuality:1]]
[2020.04.23-15.02.29:557][  0]LogConfig: Setting CVar [[r.Filter.SizeScale:1]]
[2020.04.23-15.02.29:557][  0]LogConfig: Setting CVar [[r.Tonemapper.Quality:5]]
[2020.04.23-15.02.29:557][  0]LogConfig: Setting CVar [[r.DOF.Gather.AccumulatorQuality:1        ; higher gathering accumulator quality]]
[2020.04.23-15.02.29:557][  0]LogConfig: Setting CVar [[r.DOF.Gather.PostfilterMethod:1          ; Median3x3 postfilering method]]
[2020.04.23-15.02.29:557][  0]LogConfig: Setting CVar [[r.DOF.Gather.EnableBokehSettings:0       ; no bokeh simulation when gathering]]
[2020.04.23-15.02.29:557][  0]LogConfig: Setting CVar [[r.DOF.Gather.RingCount:4                 ; medium number of samples when gathering]]
[2020.04.23-15.02.29:557][  0]LogConfig: Setting CVar [[r.DOF.Scatter.ForegroundCompositing:1    ; additive foreground scattering]]
[2020.04.23-15.02.29:557][  0]LogConfig: Setting CVar [[r.DOF.Scatter.BackgroundCompositing:2    ; additive background scattering]]
[2020.04.23-15.02.29:557][  0]LogConfig: Setting CVar [[r.DOF.Scatter.EnableBokehSettings:1      ; bokeh simulation when scattering]]
[2020.04.23-15.02.29:557][  0]LogConfig: Setting CVar [[r.DOF.Scatter.MaxSpriteRatio:0.1         ; only a maximum of 10% of scattered bokeh]]
[2020.04.23-15.02.29:557][  0]LogConfig: Setting CVar [[r.DOF.Recombine.Quality:1                ; cheap slight out of focus]]
[2020.04.23-15.02.29:557][  0]LogConfig: Setting CVar [[r.DOF.Recombine.EnableBokehSettings:0    ; no bokeh simulation on slight out of focus]]
[2020.04.23-15.02.29:557][  0]LogConfig: Setting CVar [[r.DOF.TemporalAAQuality:1                ; more stable temporal accumulation]]
[2020.04.23-15.02.29:557][  0]LogConfig: Setting CVar [[r.DOF.Kernel.MaxForegroundRadius:0.025]]
[2020.04.23-15.02.29:557][  0]LogConfig: Setting CVar [[r.DOF.Kernel.MaxBackgroundRadius:0.025]]
[2020.04.23-15.02.29:557][  0]LogConfig: Applying CVar settings from Section [TextureQuality@3] File [C:/Users/m5w5b/Desktop/GitHub/Level-Design/Island/Saved/Config/Windows/Scalability.ini]
[2020.04.23-15.02.29:557][  0]LogConfig: Setting CVar [[r.Streaming.MipBias:0]]
[2020.04.23-15.02.29:557][  0]LogConfig: Setting CVar [[r.Streaming.AmortizeCPUToGPUCopy:0]]
[2020.04.23-15.02.29:557][  0]LogConfig: Setting CVar [[r.Streaming.MaxNumTexturesToStreamPerFrame:0]]
[2020.04.23-15.02.29:557][  0]LogConfig: Setting CVar [[r.Streaming.Boost:1]]
[2020.04.23-15.02.29:557][  0]LogConfig: Setting CVar [[r.MaxAnisotropy:8]]
[2020.04.23-15.02.29:557][  0]LogConfig: Setting CVar [[r.VT.MaxAnisotropy:8]]
[2020.04.23-15.02.29:557][  0]LogConfig: Setting CVar [[r.Streaming.LimitPoolSizeToVRAM:0]]
[2020.04.23-15.02.29:557][  0]LogConfig: Setting CVar [[r.Streaming.PoolSize:1000]]
[2020.04.23-15.02.29:557][  0]LogConfig: Setting CVar [[r.Streaming.MaxEffectiveScreenSize:0]]
[2020.04.23-15.02.29:557][  0]LogConfig: Applying CVar settings from Section [EffectsQuality@3] File [C:/Users/m5w5b/Desktop/GitHub/Level-Design/Island/Saved/Config/Windows/Scalability.ini]
[2020.04.23-15.02.29:557][  0]LogConfig: Setting CVar [[r.TranslucencyLightingVolumeDim:64]]
[2020.04.23-15.02.29:557][  0]LogConfig: Setting CVar [[r.RefractionQuality:2]]
[2020.04.23-15.02.29:557][  0]LogConfig: Setting CVar [[r.SSR.Quality:3]]
[2020.04.23-15.02.29:557][  0]LogConfig: Setting CVar [[r.SSR.HalfResSceneColor:0]]
[2020.04.23-15.02.29:557][  0]LogConfig: Setting CVar [[r.SceneColorFormat:4]]
[2020.04.23-15.02.29:557][  0]LogConfig: Setting CVar [[r.DetailMode:2]]
[2020.04.23-15.02.29:557][  0]LogConfig: Setting CVar [[r.TranslucencyVolumeBlur:1]]
[2020.04.23-15.02.29:557][  0]LogConfig: Setting CVar [[r.MaterialQualityLevel:1 ; High quality]]
[2020.04.23-15.02.29:557][  0]LogConfig: Setting CVar [[r.SSS.Scale:1]]
[2020.04.23-15.02.29:557][  0]LogConfig: Setting CVar [[r.SSS.SampleSet:2]]
[2020.04.23-15.02.29:557][  0]LogConfig: Setting CVar [[r.SSS.Quality:1]]
[2020.04.23-15.02.29:557][  0]LogConfig: Setting CVar [[r.SSS.HalfRes:1]]
[2020.04.23-15.02.29:557][  0]LogConfig: Setting CVar [[r.SSGI.Quality:3]]
[2020.04.23-15.02.29:557][  0]LogConfig: Setting CVar [[r.EmitterSpawnRateScale:1.0]]
[2020.04.23-15.02.29:557][  0]LogConfig: Setting CVar [[r.ParticleLightQuality:2]]
[2020.04.23-15.02.29:557][  0]LogConfig: Setting CVar [[r.SkyAtmosphere.AerialPerspectiveLUT.FastApplyOnOpaque:1 ; Always have FastSkyLUT 1 in this case to avoid wrong sky]]
[2020.04.23-15.02.29:557][  0]LogConfig: Setting CVar [[r.SkyAtmosphere.AerialPerspectiveLUT.SampleCountPerSlice:1]]
[2020.04.23-15.02.29:557][  0]LogConfig: Setting CVar [[r.SkyAtmosphere.AerialPerspectiveLUT.DepthResolution:16.0]]
[2020.04.23-15.02.29:557][  0]LogConfig: Setting CVar [[r.SkyAtmosphere.FastSkyLUT:1]]
[2020.04.23-15.02.29:557][  0]LogConfig: Setting CVar [[r.SkyAtmosphere.FastSkyLUT.SampleCountMin:4.0]]
[2020.04.23-15.02.29:557][  0]LogConfig: Setting CVar [[r.SkyAtmosphere.FastSkyLUT.SampleCountMax:32.0]]
[2020.04.23-15.02.29:557][  0]LogConfig: Setting CVar [[r.SkyAtmosphere.SampleCountMin:4.0]]
[2020.04.23-15.02.29:557][  0]LogConfig: Setting CVar [[r.SkyAtmosphere.SampleCountMax:32.0]]
[2020.04.23-15.02.29:557][  0]LogConfig: Setting CVar [[r.SkyAtmosphere.TransmittanceLUT.UseSmallFormat:0]]
[2020.04.23-15.02.29:557][  0]LogConfig: Setting CVar [[r.SkyAtmosphere.TransmittanceLUT.SampleCount:10.0]]
[2020.04.23-15.02.29:557][  0]LogConfig: Setting CVar [[r.SkyAtmosphere.MultiScatteringLUT.SampleCount:15.0]]
[2020.04.23-15.02.29:557][  0]LogConfig: Applying CVar settings from Section [FoliageQuality@3] File [C:/Users/m5w5b/Desktop/GitHub/Level-Design/Island/Saved/Config/Windows/Scalability.ini]
[2020.04.23-15.02.29:557][  0]LogConfig: Setting CVar [[foliage.DensityScale:1.0]]
[2020.04.23-15.02.29:557][  0]LogConfig: Setting CVar [[grass.DensityScale:1.0]]
[2020.04.23-15.02.29:557][  0]LogConfig: Applying CVar settings from Section [ShadingQuality@3] File [C:/Users/m5w5b/Desktop/GitHub/Level-Design/Island/Saved/Config/Windows/Scalability.ini]
[2020.04.23-15.02.29:557][  0]LogConfig: Setting CVar [[r.HairStrands.SkyLighting.SampleCount:16]]
[2020.04.23-15.02.29:557][  0]LogConfig: Setting CVar [[r.HairStrands.SkyLighting.JitterIntegration:0]]
[2020.04.23-15.02.29:557][  0]LogConfig: Setting CVar [[r.HairStrands.SkyAO.SampleCount:16]]
[2020.04.23-15.02.29:558][  0]LogInit: Selected Device Profile: [Windows]
[2020.04.23-15.02.29:558][  0]LogInit: Applying CVar settings loaded from the selected device profile: [Windows]
[2020.04.23-15.02.29:560][  0]LogHAL: Display: Platform has ~ 16 GB [17045360640 / 17179869184 / 16], which maps to Larger [LargestMinGB=32, LargerMinGB=12, DefaultMinGB=8, SmallerMinGB=6, SmallestMinGB=0)
[2020.04.23-15.02.29:560][  0]LogInit: Going up to parent DeviceProfile []
[2020.04.23-15.02.29:561][  0]LogConfig: Applying CVar settings from Section [ViewDistanceQuality@0] File [C:/Users/m5w5b/Desktop/GitHub/Level-Design/Island/Saved/Config/Windows/Scalability.ini]
[2020.04.23-15.02.29:561][  0]LogConfig: Setting CVar [[r.SkeletalMeshLODBias:2]]
[2020.04.23-15.02.29:561][  0]LogConfig: Setting CVar [[r.ViewDistanceScale:0.4]]
[2020.04.23-15.02.29:561][  0]LogConfig: Applying CVar settings from Section [AntiAliasingQuality@0] File [C:/Users/m5w5b/Desktop/GitHub/Level-Design/Island/Saved/Config/Windows/Scalability.ini]
[2020.04.23-15.02.29:561][  0]LogConfig: Setting CVar [[r.PostProcessAAQuality:0]]
[2020.04.23-15.02.29:561][  0]LogConfig: Applying CVar settings from Section [ShadowQuality@0] File [C:/Users/m5w5b/Desktop/GitHub/Level-Design/Island/Saved/Config/Windows/Scalability.ini]
[2020.04.23-15.02.29:561][  0]LogConfig: Setting CVar [[r.LightFunctionQuality:0]]
[2020.04.23-15.02.29:561][  0]LogConfig: Setting CVar [[r.ShadowQuality:0]]
[2020.04.23-15.02.29:561][  0]LogConfig: Setting CVar [[r.Shadow.CSM.MaxCascades:1]]
[2020.04.23-15.02.29:561][  0]LogConfig: Setting CVar [[r.Shadow.MaxResolution:512]]
[2020.04.23-15.02.29:561][  0]LogConfig: Setting CVar [[r.Shadow.MaxCSMResolution:512]]
[2020.04.23-15.02.29:561][  0]LogConfig: Setting CVar [[r.Shadow.RadiusThreshold:0.06]]
[2020.04.23-15.02.29:561][  0]LogConfig: Setting CVar [[r.Shadow.DistanceScale:0.6]]
[2020.04.23-15.02.29:561][  0]LogConfig: Setting CVar [[r.Shadow.CSM.TransitionScale:0]]
[2020.04.23-15.02.29:561][  0]LogConfig: Setting CVar [[r.Shadow.PreShadowResolutionFactor:0.5]]
[2020.04.23-15.02.29:561][  0]LogConfig: Setting CVar [[r.DistanceFieldShadowing:0]]
[2020.04.23-15.02.29:561][  0]LogConfig: Setting CVar [[r.DistanceFieldAO:0]]
[2020.04.23-15.02.29:561][  0]LogConfig: Setting CVar [[r.VolumetricFog:0]]
[2020.04.23-15.02.29:561][  0]LogConfig: Setting CVar [[r.LightMaxDrawDistanceScale:0]]
[2020.04.23-15.02.29:561][  0]LogConfig: Setting CVar [[r.CapsuleShadows:0]]
[2020.04.23-15.02.29:561][  0]LogConfig: Applying CVar settings from Section [PostProcessQuality@0] File [C:/Users/m5w5b/Desktop/GitHub/Level-Design/Island/Saved/Config/Windows/Scalability.ini]
[2020.04.23-15.02.29:561][  0]LogConfig: Setting CVar [[r.MotionBlurQuality:0]]
[2020.04.23-15.02.29:561][  0]LogConfig: Setting CVar [[r.AmbientOcclusionMipLevelFactor:1.0]]
[2020.04.23-15.02.29:561][  0]LogConfig: Setting CVar [[r.AmbientOcclusionMaxQuality:0]]
[2020.04.23-15.02.29:561][  0]LogConfig: Setting CVar [[r.AmbientOcclusionLevels:0]]
[2020.04.23-15.02.29:561][  0]LogConfig: Setting CVar [[r.AmbientOcclusionRadiusScale:1.2]]
[2020.04.23-15.02.29:561][  0]LogConfig: Setting CVar [[r.DepthOfFieldQuality:0]]
[2020.04.23-15.02.29:561][  0]LogConfig: Setting CVar [[r.RenderTargetPoolMin:300]]
[2020.04.23-15.02.29:561][  0]LogConfig: Setting CVar [[r.LensFlareQuality:0]]
[2020.04.23-15.02.29:561][  0]LogConfig: Setting CVar [[r.SceneColorFringeQuality:0]]
[2020.04.23-15.02.29:561][  0]LogConfig: Setting CVar [[r.EyeAdaptationQuality:0]]
[2020.04.23-15.02.29:561][  0]LogConfig: Setting CVar [[r.BloomQuality:4]]
[2020.04.23-15.02.29:561][  0]LogConfig: Setting CVar [[r.FastBlurThreshold:0]]
[2020.04.23-15.02.29:561][  0]LogConfig: Setting CVar [[r.Upscale.Quality:1]]
[2020.04.23-15.02.29:561][  0]LogConfig: Setting CVar [[r.Tonemapper.GrainQuantization:0]]
[2020.04.23-15.02.29:561][  0]LogConfig: Setting CVar [[r.LightShaftQuality:0]]
[2020.04.23-15.02.29:561][  0]LogConfig: Setting CVar [[r.Filter.SizeScale:0.6]]
[2020.04.23-15.02.29:561][  0]LogConfig: Setting CVar [[r.Tonemapper.Quality:0]]
[2020.04.23-15.02.29:561][  0]LogConfig: Applying CVar settings from Section [TextureQuality@0] File [C:/Users/m5w5b/Desktop/GitHub/Level-Design/Island/Saved/Config/Windows/Scalability.ini]
[2020.04.23-15.02.29:561][  0]LogConfig: Setting CVar [[r.Streaming.MipBias:16]]
[2020.04.23-15.02.29:561][  0]LogConfig: Setting CVar [[r.Streaming.AmortizeCPUToGPUCopy:1]]
[2020.04.23-15.02.29:561][  0]LogConfig: Setting CVar [[r.Streaming.MaxNumTexturesToStreamPerFrame:1]]
[2020.04.23-15.02.29:561][  0]LogConfig: Setting CVar [[r.Streaming.Boost:0.3]]
[2020.04.23-15.02.29:561][  0]LogConfig: Setting CVar [[r.MaxAnisotropy:0]]
[2020.04.23-15.02.29:561][  0]LogConfig: Setting CVar [[r.VT.MaxAnisotropy:4]]
[2020.04.23-15.02.29:561][  0]LogConfig: Setting CVar [[r.Streaming.LimitPoolSizeToVRAM:1]]
[2020.04.23-15.02.29:561][  0]LogConfig: Setting CVar [[r.Streaming.PoolSize:400]]
[2020.04.23-15.02.29:561][  0]LogConfig: Setting CVar [[r.Streaming.MaxEffectiveScreenSize:0]]
[2020.04.23-15.02.29:561][  0]LogConfig: Applying CVar settings from Section [EffectsQuality@0] File [C:/Users/m5w5b/Desktop/GitHub/Level-Design/Island/Saved/Config/Windows/Scalability.ini]
[2020.04.23-15.02.29:561][  0]LogConfig: Setting CVar [[r.TranslucencyLightingVolumeDim:24]]
[2020.04.23-15.02.29:561][  0]LogConfig: Setting CVar [[r.RefractionQuality:0]]
[2020.04.23-15.02.29:561][  0]LogConfig: Setting CVar [[r.SSR.Quality:0]]
[2020.04.23-15.02.29:561][  0]LogConfig: Setting CVar [[r.SSR.HalfResSceneColor:1]]
[2020.04.23-15.02.29:561][  0]LogConfig: Setting CVar [[r.SceneColorFormat:3]]
[2020.04.23-15.02.29:561][  0]LogConfig: Setting CVar [[r.DetailMode:0]]
[2020.04.23-15.02.29:561][  0]LogConfig: Setting CVar [[r.TranslucencyVolumeBlur:0]]
[2020.04.23-15.02.29:561][  0]LogConfig: Setting CVar [[r.MaterialQualityLevel:0 ; Low quality]]
[2020.04.23-15.02.29:561][  0]LogConfig: Setting CVar [[r.SSS.Scale:0]]
[2020.04.23-15.02.29:561][  0]LogConfig: Setting CVar [[r.SSS.SampleSet:0]]
[2020.04.23-15.02.29:561][  0]LogConfig: Setting CVar [[r.SSS.Quality:0]]
[2020.04.23-15.02.29:561][  0]LogConfig: Setting CVar [[r.SSS.HalfRes:1]]
[2020.04.23-15.02.29:562][  0]LogConfig: Setting CVar [[r.SSGI.Quality:0]]
[2020.04.23-15.02.29:562][  0]LogConfig: Setting CVar [[r.EmitterSpawnRateScale:0.125]]
[2020.04.23-15.02.29:562][  0]LogConfig: Setting CVar [[r.ParticleLightQuality:0]]
[2020.04.23-15.02.29:562][  0]LogConfig: Setting CVar [[r.SkyAtmosphere.AerialPerspectiveLUT.FastApplyOnOpaque:1 ; Always have FastSkyLUT 1 in this case to avoid wrong sky]]
[2020.04.23-15.02.29:562][  0]LogConfig: Setting CVar [[r.SkyAtmosphere.AerialPerspectiveLUT.SampleCountPerSlice:1]]
[2020.04.23-15.02.29:562][  0]LogConfig: Setting CVar [[r.SkyAtmosphere.AerialPerspectiveLUT.DepthResolution:8.0]]
[2020.04.23-15.02.29:562][  0]LogConfig: Setting CVar [[r.SkyAtmosphere.FastSkyLUT:1]]
[2020.04.23-15.02.29:562][  0]LogConfig: Setting CVar [[r.SkyAtmosphere.FastSkyLUT.SampleCountMin:2.0]]
[2020.04.23-15.02.29:562][  0]LogConfig: Setting CVar [[r.SkyAtmosphere.FastSkyLUT.SampleCountMax:16.0]]
[2020.04.23-15.02.29:562][  0]LogConfig: Setting CVar [[r.SkyAtmosphere.SampleCountMin:2.0]]
[2020.04.23-15.02.29:562][  0]LogConfig: Setting CVar [[r.SkyAtmosphere.SampleCountMax:16.0]]
[2020.04.23-15.02.29:562][  0]LogConfig: Setting CVar [[r.SkyAtmosphere.TransmittanceLUT.UseSmallFormat:1]]
[2020.04.23-15.02.29:562][  0]LogConfig: Setting CVar [[r.SkyAtmosphere.TransmittanceLUT.SampleCount:10.0]]
[2020.04.23-15.02.29:562][  0]LogConfig: Setting CVar [[r.SkyAtmosphere.MultiScatteringLUT.SampleCount:15.0]]
[2020.04.23-15.02.29:562][  0]LogConfig: Applying CVar settings from Section [FoliageQuality@0] File [C:/Users/m5w5b/Desktop/GitHub/Level-Design/Island/Saved/Config/Windows/Scalability.ini]
[2020.04.23-15.02.29:562][  0]LogConfig: Setting CVar [[foliage.DensityScale:0]]
[2020.04.23-15.02.29:562][  0]LogConfig: Setting CVar [[grass.DensityScale:0]]
[2020.04.23-15.02.29:562][  0]LogConfig: Applying CVar settings from Section [ShadingQuality@0] File [C:/Users/m5w5b/Desktop/GitHub/Level-Design/Island/Saved/Config/Windows/Scalability.ini]
[2020.04.23-15.02.29:562][  0]LogConfig: Setting CVar [[r.HairStrands.SkyLighting.SampleCount:8]]
[2020.04.23-15.02.29:562][  0]LogConfig: Setting CVar [[r.HairStrands.SkyLighting.JitterIntegration:0]]
[2020.04.23-15.02.29:562][  0]LogConfig: Setting CVar [[r.HairStrands.SkyAO.SampleCount:8]]
[2020.04.23-15.02.29:562][  0]LogConfig: Applying CVar settings from Section [Startup] File [../../../Engine/Config/ConsoleVariables.ini]
[2020.04.23-15.02.29:562][  0]LogConfig: Setting CVar [[net.UseAdaptiveNetUpdateFrequency:0]]
[2020.04.23-15.02.29:562][  0]LogConfig: Setting CVar [[p.chaos.AllowCreatePhysxBodies:1]]
[2020.04.23-15.02.29:562][  0]LogConfig: Applying CVar settings from Section [ConsoleVariables] File [C:/Users/m5w5b/Desktop/GitHub/Level-Design/Island/Saved/Config/Windows/Engine.ini]
[2020.04.23-15.02.29:562][  0]LogInit: Computer: DESKTOP-LVCM6H4
[2020.04.23-15.02.29:562][  0]LogInit: User: m5w5b
[2020.04.23-15.02.29:562][  0]LogInit: CPU Page size=4096, Cores=4
[2020.04.23-15.02.29:562][  0]LogInit: High frequency timer resolution =10.000000 MHz
[2020.04.23-15.02.29:562][  0]LogMemory: Memory total: Physical=15.9GB (16GB approx)
[2020.04.23-15.02.29:563][  0]LogMemory: Platform Memory Stats for Windows
[2020.04.23-15.02.29:563][  0]LogMemory: Process Physical Memory: 105.37 MB used, 105.37 MB peak
[2020.04.23-15.02.29:563][  0]LogMemory: Process Virtual Memory: 100.64 MB used, 100.64 MB peak
[2020.04.23-15.02.29:563][  0]LogMemory: Physical Memory: 9646.45 MB used,  6609.27 MB free, 16255.72 MB total
[2020.04.23-15.02.29:563][  0]LogMemory: Virtual Memory: 5137.55 MB used,  134212592.00 MB free, 134217728.00 MB total
[2020.04.23-15.02.29:566][  0]LogWindows: WindowsPlatformFeatures enabled
[2020.04.23-15.02.29:582][  0]LogInit: Using OS detected language (en-US).
[2020.04.23-15.02.29:582][  0]LogInit: Using OS detected locale (en-US).
[2020.04.23-15.02.29:583][  0]LogTextLocalizationManager: No specific localization for 'en-US' exists, so the 'en' localization will be used.
[2020.04.23-15.02.29:754][  0]LogInit: Setting process to per monitor DPI aware
[2020.04.23-15.02.29:801][  0]LogSlate: New Slate User Created.  User Index 0, Is Virtual User: 0
[2020.04.23-15.02.29:801][  0]LogSlate: Slate User Registered.  User Index 0, Is Virtual User: 0
[2020.04.23-15.02.30:011][  0]LogHMD: Failed to initialize OpenVR with code 110
[2020.04.23-15.02.30:011][  0]LogD3D11RHI: D3D11 min allowed feature level: 11_0
[2020.04.23-15.02.30:011][  0]LogD3D11RHI: D3D11 max allowed feature level: 11_0
[2020.04.23-15.02.30:011][  0]LogD3D11RHI: D3D11 adapters:
[2020.04.23-15.02.30:166][  0]LogD3D11RHI:    0. 'Intel(R) UHD Graphics 620' (Feature Level 11_0)
[2020.04.23-15.02.30:166][  0]LogD3D11RHI:       128/0/8127 MB DedicatedVideo/DedicatedSystem/SharedSystem, Outputs:2, VendorId:0x8086
[2020.04.23-15.02.30:169][  0]LogD3D11RHI:    1. 'Microsoft Basic Render Driver' (Feature Level 11_0)
[2020.04.23-15.02.30:169][  0]LogD3D11RHI:       0/0/8127 MB DedicatedVideo/DedicatedSystem/SharedSystem, Outputs:0, VendorId:0x1414
[2020.04.23-15.02.30:169][  0]LogD3D11RHI: Chosen D3D11 Adapter: 0
[2020.04.23-15.02.30:178][  0]LogD3D11RHI: Creating new Direct3DDevice
[2020.04.23-15.02.30:178][  0]LogD3D11RHI:     GPU DeviceId: 0x5917 (for the marketing name, search the web for "GPU Device Id")
[2020.04.23-15.02.30:178][  0]LogWindows: EnumDisplayDevices:
[2020.04.23-15.02.30:179][  0]LogWindows:    0. 'Intel(R) UHD Graphics 620' (P:1 D:1)
[2020.04.23-15.02.30:179][  0]LogWindows:    1. 'Intel(R) UHD Graphics 620' (P:0 D:1)
[2020.04.23-15.02.30:179][  0]LogWindows:    2. 'Intel(R) UHD Graphics 620' (P:0 D:0)
[2020.04.23-15.02.30:180][  0]LogWindows: DebugString: FoundDriverCount:3 
[2020.04.23-15.02.30:180][  0]LogD3D11RHI:     Adapter Name: Intel(R) UHD Graphics 620
[2020.04.23-15.02.30:180][  0]LogD3D11RHI:   Driver Version: 24.20.100.6025 (internal:24.20.100.6025, unified:24.20.100.6025)
[2020.04.23-15.02.30:180][  0]LogD3D11RHI:      Driver Date: 4-25-2018
[2020.04.23-15.02.30:180][  0]LogRHI: Texture pool is 1523 MB (70% of 2176 MB)
[2020.04.23-15.02.30:363][  0]LogD3D11RHI: RHI does not have support for 64 bit atomics
[2020.04.23-15.02.30:363][  0]LogD3D11RHI: Async texture creation enabled
[2020.04.23-15.02.30:369][  0]LogD3D11RHI: GPU Timing Frequency: 12.000048 (Debug: 2 0)
[2020.04.23-15.02.30:953][  0]LogTargetPlatformManager: Display: Loaded TargetPlatform 'AllDesktop'
[2020.04.23-15.02.30:999][  0]LogTargetPlatformManager: Display: Loaded TargetPlatform 'Android'
[2020.04.23-15.02.30:999][  0]LogTargetPlatformManager: Display: Loaded TargetPlatform 'Android_ASTC'
[2020.04.23-15.02.30:999][  0]LogTargetPlatformManager: Display: Loaded TargetPlatform 'Android_ATC'
[2020.04.23-15.02.30:999][  0]LogTargetPlatformManager: Display: Loaded TargetPlatform 'Android_DXT'
[2020.04.23-15.02.30:999][  0]LogTargetPlatformManager: Display: Loaded TargetPlatform 'Android_ETC1'
[2020.04.23-15.02.30:999][  0]LogTargetPlatformManager: Display: Loaded TargetPlatform 'Android_ETC1a'
[2020.04.23-15.02.30:999][  0]LogTargetPlatformManager: Display: Loaded TargetPlatform 'Android_ETC2'
[2020.04.23-15.02.30:999][  0]LogTargetPlatformManager: Display: Loaded TargetPlatform 'Android_PVRTC'
[2020.04.23-15.02.30:999][  0]LogTargetPlatformManager: Display: Loaded TargetPlatform 'AndroidClient'
[2020.04.23-15.02.30:999][  0]LogTargetPlatformManager: Display: Loaded TargetPlatform 'Android_ASTCClient'
[2020.04.23-15.02.30:999][  0]LogTargetPlatformManager: Display: Loaded TargetPlatform 'Android_ATCClient'
[2020.04.23-15.02.30:999][  0]LogTargetPlatformManager: Display: Loaded TargetPlatform 'Android_DXTClient'
[2020.04.23-15.02.30:999][  0]LogTargetPlatformManager: Display: Loaded TargetPlatform 'Android_ETC1Client'
[2020.04.23-15.02.30:999][  0]LogTargetPlatformManager: Display: Loaded TargetPlatform 'Android_ETC1aClient'
[2020.04.23-15.02.30:999][  0]LogTargetPlatformManager: Display: Loaded TargetPlatform 'Android_ETC2Client'
[2020.04.23-15.02.30:999][  0]LogTargetPlatformManager: Display: Loaded TargetPlatform 'Android_PVRTCClient'
[2020.04.23-15.02.30:999][  0]LogTargetPlatformManager: Display: Loaded TargetPlatform 'Android_Multi'
[2020.04.23-15.02.30:999][  0]LogTargetPlatformManager: Display: Loaded TargetPlatform 'Android_MultiClient'
[2020.04.23-15.02.31:023][  0]LogTargetPlatformManager: Display: Loaded TargetPlatform 'IOSClient'
[2020.04.23-15.02.31:023][  0]LogTargetPlatformManager: Display: Loaded TargetPlatform 'IOS'
[2020.04.23-15.02.31:033][  0]LogTargetPlatformManager: Display: Loaded TargetPlatform 'LinuxNoEditor'
[2020.04.23-15.02.31:042][  0]LogTargetPlatformManager: Display: Loaded TargetPlatform 'LinuxClient'
[2020.04.23-15.02.31:055][  0]LogTargetPlatformManager: Display: Loaded TargetPlatform 'LinuxServer'
[2020.04.23-15.02.31:066][  0]LogTargetPlatformManager: Display: Loaded TargetPlatform 'LinuxAArch64NoEditor'
[2020.04.23-15.02.31:075][  0]LogTargetPlatformManager: Display: Loaded TargetPlatform 'LinuxAArch64Client'
[2020.04.23-15.02.31:085][  0]LogTargetPlatformManager: Display: Loaded TargetPlatform 'LinuxAArch64Server'
[2020.04.23-15.02.31:115][  0]LogTargetPlatformManager: Display: Loaded TargetPlatform 'Lumin'
[2020.04.23-15.02.31:115][  0]LogTargetPlatformManager: Display: Loaded TargetPlatform 'LuminClient'
[2020.04.23-15.02.31:133][  0]LogTargetPlatformManager: Display: Loaded TargetPlatform 'TVOSClient'
[2020.04.23-15.02.31:133][  0]LogTargetPlatformManager: Display: Loaded TargetPlatform 'TVOS'
[2020.04.23-15.02.31:142][  0]LogTargetPlatformManager: Display: Loaded TargetPlatform 'WindowsNoEditor'
[2020.04.23-15.02.31:151][  0]LogTargetPlatformManager: Display: Loaded TargetPlatform 'Windows'
[2020.04.23-15.02.31:160][  0]LogTargetPlatformManager: Display: Loaded TargetPlatform 'WindowsClient'
[2020.04.23-15.02.31:168][  0]LogTargetPlatformManager: Display: Loaded TargetPlatform 'WindowsServer'
[2020.04.23-15.02.31:168][  0]LogTargetPlatformManager: Display: Building Assets For Windows
[2020.04.23-15.02.31:172][  0]LogAudioDebug: Display: Lib vorbis DLL was dynamically loaded.
[2020.04.23-15.02.31:198][  0]LogShaderCompilers: Guid format shader working directory is -19 characters bigger than the processId version (../../../../../../Users/m5w5b/Desktop/GitHub/Level-Design/Island/Intermediate/Shaders/WorkingDirectory/25584/).
[2020.04.23-15.02.31:199][  0]LogShaderCompilers: Cleaned the shader compiler working directory 'C:/Users/m5w5b/AppData/Local/Temp/UnrealShaderWorkingDir/82888DD2464254E1C6BD12BB2E8A3486/'.
[2020.04.23-15.02.31:199][  0]LogXGEController: Cannot use XGE Controller as Incredibuild is not installed on this machine.
[2020.04.23-15.02.31:199][  0]LogShaderCompilers: Cannot use XGE Shader Compiler as Incredibuild is not installed on this machine.
[2020.04.23-15.02.31:199][  0]LogShaderCompilers: Display: Using Local Shader Compiler.
[2020.04.23-15.02.31:950][  0]LogDerivedDataCache: Display: Max Cache Size: 512 MB
[2020.04.23-15.02.32:001][  0]LogDerivedDataCache: Loaded boot cache 0.05s 78MB C:/Users/m5w5b/AppData/Local/UnrealEngine/4.24/DerivedDataCache/Boot.ddc.
[2020.04.23-15.02.32:001][  0]LogDerivedDataCache: Display: Loaded Boot cache: C:/Users/m5w5b/AppData/Local/UnrealEngine/4.24/DerivedDataCache/Boot.ddc
[2020.04.23-15.02.32:001][  0]LogDerivedDataCache: FDerivedDataBackendGraph:  Pak pak cache file ../../../../../../Users/m5w5b/Desktop/GitHub/Level-Design/Island/DerivedDataCache/DDC.ddp not found, will not use a pak cache.
[2020.04.23-15.02.32:001][  0]LogDerivedDataCache: Unable to find inner node Pak for hierarchical cache Hierarchy.
[2020.04.23-15.02.32:001][  0]LogDerivedDataCache: FDerivedDataBackendGraph:  CompressedPak pak cache file ../../../../../../Users/m5w5b/Desktop/GitHub/Level-Design/Island/DerivedDataCache/Compressed.ddp not found, will not use a pak cache.
[2020.04.23-15.02.32:001][  0]LogDerivedDataCache: Unable to find inner node CompressedPak for hierarchical cache Hierarchy.
[2020.04.23-15.02.32:011][  0]LogDerivedDataCache: Display: Pak cache opened for reading ../../../Engine/DerivedDataCache/Compressed.ddp.
[2020.04.23-15.02.32:011][  0]LogDerivedDataCache: FDerivedDataBackendGraph:  EnterprisePak pak cache file ../../../Enterprise/DerivedDataCache/Compressed.ddp not found, will not use a pak cache.
[2020.04.23-15.02.32:011][  0]LogDerivedDataCache: Unable to find inner node EnterprisePak for hierarchical cache Hierarchy.
[2020.04.23-15.02.32:012][  0]LogDerivedDataCache: Using Local data cache path C:/Users/m5w5b/AppData/Local/UnrealEngine/Common/DerivedDataCache: Writable
[2020.04.23-15.02.32:012][  0]LogDerivedDataCache: Shared data cache path not found in *engine.ini, will not use an Shared cache.
[2020.04.23-15.02.32:013][  0]LogDerivedDataCache: Unable to find inner node Shared for hierarchical cache Hierarchy.
[2020.04.23-15.02.32:040][  0]LogMaterial: Verifying Global Shaders for PCD3D_SM5
[2020.04.23-15.02.32:042][  0]LogSlate: Using FreeType 2.10.0
[2020.04.23-15.02.32:043][  0]LogSlate: SlateFontServices - WITH_FREETYPE: 1, WITH_HARFBUZZ: 1
[2020.04.23-15.02.32:093][  0]LogAssetRegistry: FAssetRegistry took 0.0024 seconds to start up
[2020.04.23-15.02.32:395][  0]LogInit: Selected Device Profile: [Windows]
[2020.04.23-15.02.32:556][  0]LogMeshReduction: Using QuadricMeshReduction for automatic static mesh reduction
[2020.04.23-15.02.32:556][  0]LogMeshReduction: Using SimplygonMeshReduction for automatic skeletal mesh reduction
[2020.04.23-15.02.32:556][  0]LogMeshReduction: Using ProxyLODMeshReduction for automatic mesh merging
[2020.04.23-15.02.32:556][  0]LogMeshReduction: No distributed automatic mesh merging module available
[2020.04.23-15.02.32:556][  0]LogMeshMerging: No distributed automatic mesh merging module available
[2020.04.23-15.02.32:572][  0]LogNetVersion: Island 1.0.0, NetCL: 10570792, EngineNetVer: 13, GameNetVer: 0 (Checksum: 1442086816)
[2020.04.23-15.02.33:622][  0]LogPackageLocalizationCache: Processed 10 localized package path(s) for 1 prioritized culture(s) in 0.046230 seconds
[2020.04.23-15.02.33:629][  0]LogUObjectArray: 46750 objects as part of root set at end of initial load.
[2020.04.23-15.02.33:629][  0]LogUObjectAllocator: 8137160 out of 0 bytes used by permanent object pool.
[2020.04.23-15.02.33:629][  0]LogUObjectArray: CloseDisregardForGC: 0/0 objects in disregard for GC pool
[2020.04.23-15.02.34:036][  0]LogTcpMessaging: Initializing TcpMessaging bridge
[2020.04.23-15.02.34:038][  0]LogUdpMessaging: Initializing bridge on interface 0.0.0.0:0 to multicast group 230.0.0.1:6666.
[2020.04.23-15.02.34:088][  0]SourceControl: Source control is disabled
[2020.04.23-15.02.34:088][  0]SourceControl: Source control is disabled
[2020.04.23-15.02.34:089][  0]SourceControl: Source control is disabled
[2020.04.23-15.02.34:090][  0]SourceControl: Source control is disabled
[2020.04.23-15.02.34:091][  0]SourceControl: Source control is disabled
[2020.04.23-15.02.34:171][  0]LogAndroidPermission: UAndroidPermissionCallbackProxy::GetInstance
[2020.04.23-15.02.34:180][  0]LogAudioCaptureCore: Display: No Audio Capture implementations found. Audio input will be silent.
[2020.04.23-15.02.34:180][  0]LogAudioCaptureCore: Display: No Audio Capture implementations found. Audio input will be silent.
[2020.04.23-15.02.34:265][  0]LogOcInput: OculusInput pre-init called
[2020.04.23-15.02.34:273][  0]LogWindows: Failed to load 'OVRPlugin.dll' (GetLastError=126)
[2020.04.23-15.02.34:273][  0]LogWindows: File 'OVRPlugin.dll' does not exist
[2020.04.23-15.02.34:341][  0]LogEngine: Initializing Engine...
[2020.04.23-15.02.34:341][  0]LogHMD: Failed to initialize OpenVR with code 110
[2020.04.23-15.02.34:342][  0]LogStats: UGameplayTagsManager::InitializeManager -  0.000 s
[2020.04.23-15.02.34:695][  0]LogInit: Initializing FReadOnlyCVARCache
[2020.04.23-15.02.34:703][  0]LogAIModule: Creating AISystem for world Untitled
[2020.04.23-15.02.34:712][  0]LogAudioMixer: Display: Audio Mixer Platform Settings:
[2020.04.23-15.02.34:712][  0]LogAudioMixer: Display: 	Sample Rate:						  48000
[2020.04.23-15.02.34:712][  0]LogAudioMixer: Display: 	Callback Buffer Frame Size Requested: 1024
[2020.04.23-15.02.34:712][  0]LogAudioMixer: Display: 	Callback Buffer Frame Size To Use:	  1024
[2020.04.23-15.02.34:712][  0]LogAudioMixer: Display: 	Number of buffers to queue:			  2
[2020.04.23-15.02.34:712][  0]LogAudioMixer: Display: 	Max Channels (voices):				  32
[2020.04.23-15.02.34:712][  0]LogAudioMixer: Display: 	Number of Async Source Workers:		  0
[2020.04.23-15.02.34:712][  0]LogAudio: Display: AudioDevice MaxSources: 32
[2020.04.23-15.02.34:712][  0]LogAudio: Display: Using built-in audio occlusion.
[2020.04.23-15.02.34:712][  0]LogAudioMixer: Display: Initializing audio mixer.
[2020.04.23-15.02.34:734][  0]LogAudioMixer: Display: Audio Device Output Speaker Info:
[2020.04.23-15.02.34:734][  0]LogAudioMixer: Display: Name: Speakers (Conexant ISST Audio)
[2020.04.23-15.02.34:734][  0]LogAudioMixer: Display: Is Default: Yes
[2020.04.23-15.02.34:734][  0]LogAudioMixer: Display: Sample Rate: 48000
[2020.04.23-15.02.34:734][  0]LogAudioMixer: Display: Channel Count Used: 2
[2020.04.23-15.02.34:734][  0]LogAudioMixer: Display: Device Channel Count: 2
[2020.04.23-15.02.34:734][  0]LogAudioMixer: Display: Channel Order:
[2020.04.23-15.02.34:734][  0]LogAudioMixer: Display: 0: FrontLeft
[2020.04.23-15.02.34:734][  0]LogAudioMixer: Display: 1: FrontRight
[2020.04.23-15.02.34:750][  0]LogAudioMixer: Display: Using Audio Device Speakers (Conexant ISST Audio)
[2020.04.23-15.02.34:755][  0]LogInit: FAudioDevice initialized.
[2020.04.23-15.02.34:756][  0]LogNetVersion: Set ProjectVersion to 1.0.0.0. Version Checksum will be recalculated on next use.
[2020.04.23-15.02.34:826][  0]LogDerivedDataCache: Saved boot cache 0.07s 78MB C:/Users/m5w5b/AppData/Local/UnrealEngine/4.24/DerivedDataCache/Boot.ddc.
[2020.04.23-15.02.34:834][  0]LogInit: Texture streaming: Enabled
[2020.04.23-15.02.34:843][  0]LogEngineSessionManager: EngineSessionManager initialized
[2020.04.23-15.02.34:843][  0]LogEditorSessionSummary: Verbose: Initializing EditorSessionSummaryWriter for editor session tracking
[2020.04.23-15.02.34:844][  0]LogEditorSessionSummary: EditorSessionSummaryWriter initialized
[2020.04.23-15.02.34:901][  0]LogInit: Transaction tracking system initialized
[2020.04.23-15.02.34:911][  0]BlueprintLog: New page: Editor Load
[2020.04.23-15.02.34:940][  0]LocalizationService: Localization service is disabled
[2020.04.23-15.02.36:194][  0]LogFileCache: Scanning file cache for directory 'C:/Users/m5w5b/Desktop/GitHub/Level-Design/Island/Content/' took 0.01s
[2020.04.23-15.02.36:194][  0]LogCook: Display: Max memory allowance for cook 16384mb min free memory 0mb
[2020.04.23-15.02.36:194][  0]LogCook: Display: Mobile HDR setting 1
[2020.04.23-15.02.37:093][  0]SourceControl: Source control is disabled
[2020.04.23-15.02.37:093][  0]Cmd: MAP LOAD FILE="../../../../../../Users/m5w5b/Desktop/GitHub/Level-Design/Island/Content/FirstPersonBP/Maps/FirstPersonExampleMap.umap" TEMPLATE=0 SHOWPROGRESS=1 FEATURELEVEL=3
[2020.04.23-15.02.37:094][  0]LightingResults: New page: Lighting Build
[2020.04.23-15.02.37:095][  0]LogWorld: UWorld::CleanupWorld for Untitled, bSessionEnded=true, bCleanupResources=true
[2020.04.23-15.02.37:095][  0]LogSlate: InvalidateAllWidgets triggered.  All widgets were invalidated
[2020.04.23-15.02.37:095][  0]MapCheck: New page: Map Check
[2020.04.23-15.02.37:095][  0]LightingResults: New page: Lighting Build
[2020.04.23-15.02.37:122][  0]LogUObjectHash: Compacting FUObjectHashTables data took   1.91ms
[2020.04.23-15.02.37:294][  0]LogLinker: Warning: While loading '../../../../../../Users/m5w5b/Desktop/GitHub/Level-Design/Island/Content/Assets/Mansion_Model/Mansion.uasset' failed to load '/Game/Assets/Mansion_Model/None': Can't find file.
[2020.04.23-15.02.37:294][  0]LogLinker: Warning: While loading '../../../../../../Users/m5w5b/Desktop/GitHub/Level-Design/Island/Content/Assets/Mansion_Model/Mansion.uasset' failed to load '/Game/Assets/Mansion_Model/None': Can't find file.
[2020.04.23-15.02.37:295][  0]LogLinker: Warning: While loading '../../../../../../Users/m5w5b/Desktop/GitHub/Level-Design/Island/Content/Assets/Mansion_Model/Mansion.uasset' failed to load '/Game/Assets/Mansion_Model/None': Can't find file.
[2020.04.23-15.02.37:295][  0]LogLinker: Warning: While loading '../../../../../../Users/m5w5b/Desktop/GitHub/Level-Design/Island/Content/Assets/Mansion_Model/Mansion.uasset' failed to load '/Game/Assets/Mansion_Model/None': Can't find file.
[2020.04.23-15.02.37:320][  0]LogLinker: Warning: While loading '../../../../../../Users/m5w5b/Desktop/GitHub/Level-Design/Island/Content/Assets/Stumps/Stump_3/L2Material.uasset' failed to load '/Game/Assets/Stumps/Stump_3/L2_diff_ecualize': Can't find file.
[2020.04.23-15.02.37:320][  0]LogLinker: Warning: While loading '../../../../../../Users/m5w5b/Desktop/GitHub/Level-Design/Island/Content/Assets/Stumps/Stump_3/L2Material.uasset' failed to load '/Game/Assets/Stumps/Stump_3/L2_diff_ecualize': Can't find file.
[2020.04.23-15.02.37:322][  0]LogLinker: Warning: While loading '../../../../../../Users/m5w5b/Desktop/GitHub/Level-Design/Island/Content/Assets/Stumps/Stump_3/L2Material.uasset' failed to load '/Game/Assets/Stumps/Stump_3/L2_diff_ecualize': Can't find file.
[2020.04.23-15.02.37:322][  0]LogLinker: Warning: While loading '../../../../../../Users/m5w5b/Desktop/GitHub/Level-Design/Island/Content/Assets/Stumps/Stump_3/L2Material.uasset' failed to load '/Game/Assets/Stumps/Stump_3/L2_diff_ecualize': Can't find file.
[2020.04.23-15.02.37:355][  0]LogLinker: Warning: While loading '../../../../../../Users/m5w5b/Desktop/GitHub/Level-Design/Island/Content/Assets/Stumps/Stump_3/L2Material.uasset' failed to load '/Game/Assets/Stumps/Stump_3/L2_diff_ecualize': Can't find file.
[2020.04.23-15.02.37:355][  0]LoadErrors: Failed to load /Game/Assets/Stumps/Stump_3/L2_diff_ecualize.L2_diff_ecualize Referenced by MaterialExpressionTextureSample_2
[2020.04.23-15.02.37:355][  0]LogLinker: Warning: While loading '../../../../../../Users/m5w5b/Desktop/GitHub/Level-Design/Island/Content/Assets/Stumps/Stump_3/L2Material.uasset' failed to load '/Game/Assets/Stumps/Stump_3/L2_diff_ecualize': Can't find file.
[2020.04.23-15.02.37:355][  0]LoadErrors: Failed to load /Game/Assets/Stumps/Stump_3/L2_diff_ecualize.L2_diff_ecualize Referenced by MaterialExpressionTextureSample_2
[2020.04.23-15.02.37:491][  0]LogLinker: Warning: While loading '../../../../../../Users/m5w5b/Desktop/GitHub/Level-Design/Island/Content/Assets/Mansion_Model/Mansion.uasset' failed to load '/Game/Assets/Mansion_Model/None': Can't find file.
[2020.04.23-15.02.37:491][  0]LoadErrors: Failed to load /Game/Assets/Mansion_Model/None.Material_0 Referenced by Mansion
[2020.04.23-15.02.37:491][  0]LogLinker: Warning: While loading '../../../../../../Users/m5w5b/Desktop/GitHub/Level-Design/Island/Content/Assets/Mansion_Model/Mansion.uasset' failed to load '/Game/Assets/Mansion_Model/None': Can't find file.
[2020.04.23-15.02.37:491][  0]LoadErrors: Failed to load /Game/Assets/Mansion_Model/None.Material_0 Referenced by Mansion
[2020.04.23-15.02.37:492][  0]LogLinker: Warning: While loading '../../../../../../Users/m5w5b/Desktop/GitHub/Level-Design/Island/Content/Assets/Mansion_Model/Mansion.uasset' failed to load '/Game/Assets/Mansion_Model/None': Can't find file.
[2020.04.23-15.02.37:492][  0]LoadErrors: Failed to load /Game/Assets/Mansion_Model/None.Material_0 Referenced by Mansion
[2020.04.23-15.02.37:492][  0]LogLinker: Warning: While loading '../../../../../../Users/m5w5b/Desktop/GitHub/Level-Design/Island/Content/Assets/Mansion_Model/Mansion.uasset' failed to load '/Game/Assets/Mansion_Model/None': Can't find file.
[2020.04.23-15.02.37:492][  0]LoadErrors: Failed to load /Game/Assets/Mansion_Model/None.Material_0 Referenced by Mansion
[2020.04.23-15.02.38:188][  0]LogAIModule: Creating AISystem for world FirstPersonExampleMap
[2020.04.23-15.02.38:398][  0]LogEditorServer: Finished looking for orphan Actors (0.000 secs)
[2020.04.23-15.02.38:578][  0]LogUObjectHash: Compacting FUObjectHashTables data took   4.56ms
[2020.04.23-15.02.38:579][  0]Cmd: MAP CHECKDEP NOCLEARLOG
[2020.04.23-15.02.38:580][  0]MapCheck: Map check complete: 0 Error(s), 0 Warning(s), took 0.242ms to complete.
[2020.04.23-15.02.38:580][  0]LogFileHelpers: Loading map 'FirstPersonExampleMap' took 1.486
[2020.04.23-15.02.38:761][  0]LogSlate: Updating window title bar state: overlay mode, drag disabled, window buttons hidden, title bar hidden
[2020.04.23-15.02.38:776][  0]LogSlate: Updating window title bar state: overlay mode, drag disabled, window buttons hidden, title bar hidden
[2020.04.23-15.02.38:786][  0]LogSlate: Updating window title bar state: overlay mode, drag disabled, window buttons hidden, title bar hidden
[2020.04.23-15.02.38:797][  0]LogSlate: Updating window title bar state: overlay mode, drag disabled, window buttons hidden, title bar hidden
[2020.04.23-15.02.38:806][  0]LogCollectionManager: Loaded 0 collections in 0.003717 seconds
[2020.04.23-15.02.38:825][  0]LogFileCache: Scanning file cache for directory 'C:/Users/m5w5b/Desktop/GitHub/Level-Design/Island/Saved/Collections/' took 0.00s
[2020.04.23-15.02.38:826][  0]LogFileCache: Scanning file cache for directory 'C:/Users/m5w5b/Desktop/GitHub/Level-Design/Island/Content/Developers/m5w5b/Collections/' took 0.00s
[2020.04.23-15.02.38:826][  0]LogFileCache: Scanning file cache for directory 'C:/Users/m5w5b/Desktop/GitHub/Level-Design/Island/Content/Collections/' took 0.00s
[2020.04.23-15.02.38:826][  0]LogContentBrowser: Native class hierarchy populated in 0.0139 seconds. Added 3015 classes and 717 folders.
[2020.04.23-15.02.38:829][  0]LogContentBrowser: Native class hierarchy updated for 'WidgetCarousel' in 0.0003 seconds. Added 0 classes and 0 folders.
[2020.04.23-15.02.38:917][  0]LogContentBrowser: Native class hierarchy updated for 'AddContentDialog' in 0.0003 seconds. Added 0 classes and 0 folders.
[2020.04.23-15.02.38:921][  0]LogContentBrowser: Native class hierarchy updated for 'SceneOutliner' in 0.0004 seconds. Added 2 classes and 3 folders.
[2020.04.23-15.02.40:412][  0]LogSlate: Took 0.000263 seconds to synchronously load lazily loaded font '../../../Engine/Content/Slate/Fonts/Roboto-Regular.ttf' (155K)
[2020.04.23-15.02.40:418][  0]LogSlate: Took 0.000265 seconds to synchronously load lazily loaded font '../../../Engine/Content/Slate/Fonts/Roboto-Bold.ttf' (160K)
[2020.04.23-15.02.40:424][  0]LogSlate: Took 0.000242 seconds to synchronously load lazily loaded font '../../../Engine/Content/Editor/Slate/Fonts/FontAwesome.ttf' (139K)
[2020.04.23-15.02.40:651][  0]LogRenderer: Reallocating scene render targets to support 1256x936 Format 9 NumSamples 1 (Frame:1).
[2020.04.23-15.02.41:359][  0]LogContentBrowser: Native class hierarchy updated for 'HierarchicalLODOutliner' in 0.0003 seconds. Added 0 classes and 0 folders.
[2020.04.23-15.02.41:359][  0]LogLoad: (Engine Initialization) Total time: 13.40 seconds
[2020.04.23-15.02.41:359][  0]LogLoad: (Engine Initialization) Total Blueprint compile time: 0.00 seconds
[2020.04.23-15.02.41:798][  0]LogContentStreaming: Texture pool size now 400 MB
[2020.04.23-15.02.41:844][  0]LogSlate: Took 0.000251 seconds to synchronously load lazily loaded font '../../../Engine/Content/Slate/Fonts/Roboto-Light.ttf' (167K)
[2020.04.23-15.02.41:941][  1]LogAssetRegistry: Asset discovery search completed in 9.8488 seconds
[2020.04.23-15.02.41:953][  1]LogCollectionManager: Fixed up redirectors for 0 collections in 0.000014 seconds (updated 0 objects)
[2020.04.23-15.02.54:579][279]LogTexture: Display: Building textures: Texture2D_2 (G8, 128X128)
[2020.04.23-15.03.05:544][641]LogSlate: Took 0.000221 seconds to synchronously load lazily loaded font '../../../Engine/Content/Slate/Fonts/Roboto-Light.ttf' (167K)
[2020.04.23-15.03.29:375][336]LogUObjectHash: Compacting FUObjectHashTables data took   4.56ms
[2020.04.23-15.03.30:859][336]LogSlate: Window 'Delete Assets' being destroyed
[2020.04.23-15.03.31:015][336]LogUObjectHash: Compacting FUObjectHashTables data took   2.79ms
[2020.04.23-15.03.41:468][696]Cmd: OBJ SAVEPACKAGE PACKAGE="/Game/Assets/Landscape/Lower_Cave" FILE="../../../../../../Users/m5w5b/Desktop/GitHub/Level-Design/Island/Content/Assets/Landscape/Lower_Cave.uasset" SILENT=true
[2020.04.23-15.03.41:512][696]LogSavePackage: Moving '../../../../../../Users/m5w5b/Desktop/GitHub/Level-Design/Island/Saved/Lower_CaveE9B5F0FF4ACBAEBB17DDA8BC5EA8059A.tmp' to '../../../../../../Users/m5w5b/Desktop/GitHub/Level-Design/Island/Content/Assets/Landscape/Lower_Cave.uasset'
[2020.04.23-15.03.41:516][696]Cmd: OBJ SAVEPACKAGE PACKAGE="/Game/Assets/Landscape/Cave" FILE="../../../../../../Users/m5w5b/Desktop/GitHub/Level-Design/Island/Content/Assets/Landscape/Cave.uasset" SILENT=true
[2020.04.23-15.03.41:542][696]LogSavePackage: Moving '../../../../../../Users/m5w5b/Desktop/GitHub/Level-Design/Island/Saved/Cave9A4C69A74564E13B5FEED4B114175F7E.tmp' to '../../../../../../Users/m5w5b/Desktop/GitHub/Level-Design/Island/Content/Assets/Landscape/Cave.uasset'
[2020.04.23-15.03.41:697][696]AssetCheck: New page: Asset Save: multiple assets
[2020.04.23-15.03.41:697][696]LogContentValidation: Display: Validating Material /Game/Assets/Landscape/Lower_Cave.Lower_Cave
[2020.04.23-15.03.41:697][696]LogContentValidation: Display: Validating ObjectRedirector /Game/Assets/Landscape/Cave.Cave
[2020.04.23-15.04.02:195][242]LogMaterial: Display: Missing cached shader map for material Upper_Cave, compiling. 
[2020.04.23-15.04.02:388][243]LogShaderCompilers: Display: Worker (1/5): shaders left to compile 24
[2020.04.23-15.04.02:388][243]LogShaderCompilers: Display: Worker (2/5): shaders left to compile 17
[2020.04.23-15.04.02:388][243]LogShaderCompilers: Display: Worker (3/5): shaders left to compile 10
[2020.04.23-15.04.02:389][243]LogShaderCompilers: Display: Worker (4/5): shaders left to compile 3
[2020.04.23-15.04.18:737][701]LogMaterial: Display: Missing cached shader map for material Upper_Cave, compiling. 
[2020.04.23-15.04.18:765][701]LogShaderCompilers: Display: Worker (1/5): shaders left to compile 6
[2020.04.23-15.04.18:765][701]LogShaderCompilers: Display: Worker (2/5): shaders left to compile 4
[2020.04.23-15.04.18:765][701]LogShaderCompilers: Display: Worker (3/5): shaders left to compile 2
[2020.04.23-15.04.18:765][701]LogMaterial: Display: Missing cached shader map for material Upper_Cave, compiling. 
[2020.04.23-15.04.18:806][701]LogShaderCompilers: Display: Worker (4/5): shaders left to compile 6
[2020.04.23-15.04.18:806][701]LogMaterial: Display: Missing cached shader map for material Upper_Cave, compiling. 
[2020.04.23-15.04.18:856][701]LogMaterial: Display: Missing cached shader map for material Upper_Cave, compiling. 
[2020.04.23-15.04.18:908][701]LogMaterial: Display: Missing cached shader map for material Upper_Cave, compiling. 
[2020.04.23-15.04.18:960][701]LogMaterial: Display: Missing cached shader map for material Upper_Cave, compiling. 
[2020.04.23-15.04.21:529][742]LogShaderCompilers: Display: Worker (2/5): shaders left to compile 28
[2020.04.23-15.04.21:580][743]LogShaderCompilers: Display: Worker (3/5): shaders left to compile 20
[2020.04.23-15.04.22:378][749]LogShaderCompilers: Display: Worker (4/5): shaders left to compile 14
[2020.04.23-15.04.22:439][750]LogShaderCompilers: Display: Worker (1/5): shaders left to compile 10
[2020.04.23-15.04.26:634][825]LogShaderCompilers: Display: Worker (1/5): shaders left to compile 7
[2020.04.23-15.04.28:758][873]LogShaderCompilers: Display: Worker (4/5): shaders left to compile 5
[2020.04.23-15.04.29:555][887]LogShaderCompilers: Display: Worker (1/5): shaders left to compile 3
[2020.04.23-15.04.30:135][896]LogShaderCompilers: Display: Worker (3/5): shaders left to compile 2
[2020.04.23-15.04.31:157][910]LogShaderCompilers: Display: Worker (1/5): shaders left to compile 1
[2020.04.23-15.04.42:165][133]LogTexture: Display: Building textures: Texture2D_0 (BGRA8, 32X16)
[2020.04.23-15.04.42:175][133]LogMaterial: Display: Missing cached shader map for material Upper_Cave, compiling. 
[2020.04.23-15.04.42:247][133]LogShaderCompilers: Display: Worker (1/5): shaders left to compile 46
[2020.04.23-15.04.42:247][133]LogShaderCompilers: Display: Worker (2/5): shaders left to compile 36
[2020.04.23-15.04.42:248][133]LogShaderCompilers: Display: Worker (3/5): shaders left to compile 26
[2020.04.23-15.04.42:248][133]LogShaderCompilers: Display: Worker (4/5): shaders left to compile 16
[2020.04.23-15.04.42:248][133]LogMaterial: Display: Missing cached shader map for material Upper_Cave, compiling. 
[2020.04.23-15.04.42:318][133]LogMaterial: Display: Missing cached shader map for material Upper_Cave, compiling. 
[2020.04.23-15.04.42:395][133]LogMaterial: Display: Missing cached shader map for material Upper_Cave, compiling. 
[2020.04.23-15.04.53:251][338]LogShaderCompilers: Display: Worker (3/5): shaders left to compile 144
[2020.04.23-15.04.53:366][340]LogShaderCompilers: Display: Worker (1/5): shaders left to compile 134
[2020.04.23-15.04.53:868][348]LogShaderCompilers: Display: Worker (4/5): shaders left to compile 124
[2020.04.23-15.04.54:258][354]LogShaderCompilers: Display: Worker (2/5): shaders left to compile 114
[2020.04.23-15.05.04:878][573]LogShaderCompilers: Display: Worker (3/5): shaders left to compile 104
[2020.04.23-15.05.05:600][586]LogShaderCompilers: Display: Worker (4/5): shaders left to compile 94
[2020.04.23-15.05.05:677][587]LogShaderCompilers: Display: Worker (1/5): shaders left to compile 84
[2020.04.23-15.05.06:521][604]LogShaderCompilers: Display: Worker (2/5): shaders left to compile 74
[2020.04.23-15.05.17:629][836]LogShaderCompilers: Display: Worker (4/5): shaders left to compile 64
[2020.04.23-15.05.18:014][844]LogShaderCompilers: Display: Worker (3/5): shaders left to compile 54
[2020.04.23-15.05.18:476][849]LogShaderCompilers: Display: Worker (2/5): shaders left to compile 44
[2020.04.23-15.05.19:042][861]LogShaderCompilers: Display: Worker (1/5): shaders left to compile 34
[2020.04.23-15.05.29:446][ 56]LogShaderCompilers: Display: Worker (3/5): shaders left to compile 25
[2020.04.23-15.05.29:913][ 62]LogShaderCompilers: Display: Worker (4/5): shaders left to compile 18
[2020.04.23-15.05.30:329][ 67]LogShaderCompilers: Display: Worker (1/5): shaders left to compile 13
[2020.04.23-15.05.30:721][ 72]LogShaderCompilers: Display: Worker (2/5): shaders left to compile 9
[2020.04.23-15.05.34:713][151]LogShaderCompilers: Display: Worker (2/5): shaders left to compile 6
[2020.04.23-15.05.35:326][165]LogShaderCompilers: Display: Worker (1/5): shaders left to compile 4
[2020.04.23-15.05.36:659][192]LogShaderCompilers: Display: Worker (4/5): shaders left to compile 2
[2020.04.23-15.05.37:386][205]LogShaderCompilers: Display: Worker (3/5): shaders left to compile 1
[2020.04.23-15.07.14:211][363]LogRHI: Error: Result failed 
[2020.04.23-15.07.14:211][363]LogRHI: Error:  at D:/Build/++UE4/Sync/Engine/Source/Runtime/Windows/D3D11RHI/Private/D3D11Viewport.cpp:389 
 with error DXGI_ERROR_DEVICE_REMOVED DXGI_ERROR_DEVICE_HUNG
[2020.04.23-15.07.14:211][363]LogRHI: Error: ce/Runtime/Windows/D3D11RHI/Private/D3D11Viewport.cpp:389 
 with error DXGI_ERROR_DEVICE_REMOVED DXGI_ERROR_DEVICE_HUNG
[2020.04.23-15.07.14:211][363]LogRHI: Error: D3D11Viewport.cpp:389 
 with error DXGI_ERROR_DEVICE_REMOVED DXGI_ERROR_DEVICE_HUNG
[2020.04.23-15.07.14:211][363]LogRHI: Error: ICE_REMOVED DXGI_ERROR_DEVICE_HUNG
[2020.04.23-15.07.14:211][363]LogRHI: Error: amicRHI=000001407AB5C0C0, GDX11NVAfterMathEnabled=0, Result=0xFFFFFFFF, bDeviceActive=0
[2020.04.23-15.07.14:211][363]LogRHI: Error: terMathEnabled=0, Result=0xFFFFFFFF, bDeviceActive=0
[2020.04.23-15.07.14:211][363]LogRHI: Error: Active=0
[2020.04.23-15.07.14:211][363]LogRHI: Error: SwapChainDesc.SampleDesc.Count 1
[2020.04.23-15.07.14:211][363]LogRHI: Error:  (0)
[2020.04.23-15.07.14:211][363]LogRHI: Error: SwapChainDesc.BufferUsage 48
[2020.04.23-15.07.14:211][363]LogRHI: Error: SwapChainDesc.BufferCount 2
[2020.04.23-15.07.14:211][363]LogRHI: Error: SwapChainDesc.OutputWindow 00000000008708AC
[2020.04.23-15.07.14:211][363]LogRHI: Error: SwapChainDesc.Windowed true
[2020.04.23-15.07.14:211][363]LogRHI: Error: SwapChainDesc.SwapEffect 4
[2020.04.23-15.07.14:211][363]LogRHI: Error: SwapChainDesc.Flags 2050
[2020.04.23-15.07.14:221][363]LogD3D11RHI: Error: Result failed 
 at D:/Build/++UE4/Sync/Engine/Source/Runtime/Windows/D3D11RHI/Private/D3D11Viewport.cpp:389 
 with error DXGI_ERROR_DEVICE_REMOVED DXGI_ERROR_DEVICE_HUNG
[2020.04.23-15.07.14:221][363]LogD3D11RHI: [Aftermath] GDynamicRHI=000001407AB5C0C0, GDX11NVAfterMathEnabled=0, Result=0xFFFFFFFF, bDeviceActive=0
[2020.04.23-15.07.14:221][363]LogWindows: Windows GetLastError: The operation completed successfully. (0)
[2020.04.23-15.07.16:691][363]LogOutputDevice: Warning: 

Script Stack (0 frames):

[2020.04.23-15.07.16:691][363]LogWindows: Windows GetLastError: The operation completed successfully. (0)
[2020.04.23-15.07.16:692][363]LogThreadingWindows: Error: Runnable thread RenderThread 1 crashed.
[2020.04.23-15.07.16:692][363]LogWindows: Error: === Critical error: ===
[2020.04.23-15.07.16:692][363]LogWindows: Error: 
[2020.04.23-15.07.16:692][363]LogWindows: Error: Fatal error: [File:D:/Build/++UE4/Sync/Engine/Source/Runtime/RenderCore/Private/RenderingThread.cpp] [Line: 853] 
[2020.04.23-15.07.16:692][363]LogWindows: Error: Rendering thread exception:
[2020.04.23-15.07.16:692][363]LogWindows: Error: Fatal error: [File:D:/Build/++UE4/Sync/Engine/Source/Runtime/Windows/D3D11RHI/Private/D3D11Util.cpp] [Line: 198] 
[2020.04.23-15.07.16:692][363]LogWindows: Error: Unreal Engine is exiting due to D3D device being lost. (Error: 0x887A0006 - 'HUNG')
[2020.04.23-15.07.16:692][363]LogWindows: Error: 
[2020.04.23-15.07.16:692][363]LogWindows: Error: 
[2020.04.23-15.07.16:692][363]LogWindows: Error: Unhandled Exception: 0x00008000
[2020.04.23-15.07.16:692][363]LogWindows: Error: 
[2020.04.23-15.07.16:692][363]LogWindows: Error: [Callstack] 0x00007ffdc607a799 KERNELBASE.dll!UnknownFunction []
[2020.04.23-15.07.16:692][363]LogWindows: Error: [Callstack] 0x00007ffd6707c166 UE4Editor-Core.dll!UnknownFunction []
[2020.04.23-15.07.16:692][363]LogWindows: Error: [Callstack] 0x00007ffd6707dc51 UE4Editor-Core.dll!UnknownFunction []
[2020.04.23-15.07.16:692][363]LogWindows: Error: [Callstack] 0x00007ffd66e32c7d UE4Editor-Core.dll!UnknownFunction []
[2020.04.23-15.07.16:692][363]LogWindows: Error: [Callstack] 0x00007ffd500c13e9 UE4Editor-D3D11RHI.dll!UnknownFunction []
[2020.04.23-15.07.16:692][363]LogWindows: Error: [Callstack] 0x00007ffd500c5bbf UE4Editor-D3D11RHI.dll!UnknownFunction []
[2020.04.23-15.07.16:692][363]LogWindows: Error: [Callstack] 0x00007ffd500a7549 UE4Editor-D3D11RHI.dll!UnknownFunction []
[2020.04.23-15.07.16:692][363]LogWindows: Error: [Callstack] 0x00007ffd500a6912 UE4Editor-D3D11RHI.dll!UnknownFunction []
[2020.04.23-15.07.16:692][363]LogWindows: Error: [Callstack] 0x00007ffd500b2b9d UE4Editor-D3D11RHI.dll!UnknownFunction []
[2020.04.23-15.07.16:692][363]LogWindows: Error: [Callstack] 0x00007ffd83d2b920 UE4Editor-RHI.dll!UnknownFunction []
[2020.04.23-15.07.16:692][363]LogWindows: Error: [Callstack] 0x00007ffd83d2eff0 UE4Editor-RHI.dll!UnknownFunction []
[2020.04.23-15.07.16:692][363]LogWindows: Error: [Callstack] 0x00007ffd83d2eacf UE4Editor-RHI.dll!UnknownFunction []
[2020.04.23-15.07.16:692][363]LogWindows: Error: [Callstack] 0x00007ffd83d2fc8b UE4Editor-RHI.dll!UnknownFunction []
[2020.04.23-15.07.16:692][363]LogWindows: Error: [Callstack] 0x00007ffd83d22162 UE4Editor-RHI.dll!UnknownFunction []
[2020.04.23-15.07.16:692][363]LogWindows: Error: [Callstack] 0x00007ffd4fe1765a UE4Editor-SlateRHIRenderer.dll!UnknownFunction []
[2020.04.23-15.07.16:692][363]LogWindows: Error: [Callstack] 0x00007ffd4fe0c8ac UE4Editor-SlateRHIRenderer.dll!UnknownFunction []
[2020.04.23-15.07.16:692][363]LogWindows: Error: [Callstack] 0x00007ffd4fe1f60c UE4Editor-SlateRHIRenderer.dll!UnknownFunction []
[2020.04.23-15.07.16:692][363]LogWindows: Error: [Callstack] 0x00007ffd66c09ff2 UE4Editor-Core.dll!UnknownFunction []
[2020.04.23-15.07.16:692][363]LogWindows: Error: [Callstack] 0x00007ffd66c0a393 UE4Editor-Core.dll!UnknownFunction []
[2020.04.23-15.07.16:692][363]LogWindows: Error: [Callstack] 0x00007ffd837f5391 UE4Editor-RenderCore.dll!UnknownFunction []
[2020.04.23-15.07.16:692][363]LogWindows: Error: [Callstack] 0x00007ffd837fe254 UE4Editor-RenderCore.dll!UnknownFunction []
[2020.04.23-15.07.16:692][363]LogWindows: Error: [Callstack] 0x00007ffd670832ef UE4Editor-Core.dll!UnknownFunction []
[2020.04.23-15.07.16:692][363]LogWindows: Error: [Callstack] 0x00007ffd67082f94 UE4Editor-Core.dll!UnknownFunction []
[2020.04.23-15.07.16:692][363]LogWindows: Error: [Callstack] 0x00007ffdc7587bd4 KERNEL32.DLL!UnknownFunction []
[2020.04.23-15.07.16:692][363]LogWindows: Error: [Callstack] 0x00007ffdc8d0ce51 ntdll.dll!UnknownFunction []
[2020.04.23-15.07.16:692][363]LogWindows: Error: 
[2020.04.23-15.07.16:692][363]LogWindows: Error: 
[2020.04.23-15.07.16:692][363]LogWindows: Error: 
[2020.04.23-15.07.16:692][363]LogWindows: Error: 
[2020.04.23-15.07.16:692][363]LogWindows: Error: Crash in runnable thread RenderThread 1
[2020.04.23-15.07.16:698][363]LogWindows: Error: HandleError re-entered.
[2020.04.23-15.07.16:700][363]LogWindows: FPlatformMisc::RequestExit(1)
[2020.04.23-15.07.16:700][363]LogCore: Engine exit requested (reason: Win RequestExit)
[2020.04.23-15.07.16:705][363]Log file closed, 04/23/20 11:07:16
